<?xml version="1.0" encoding="UTF-8"?>
<!-- Generated by org.testng.reporters.JUnitReportReporter -->
<testsuite hostname="NahirJamal" failures="0" tests="17" name="Pages.SignUP" time="248.816" errors="0" timestamp="2022-06-23T15:07:10 EET" skipped="0">
  <testcase classname="Pages.SignUP" name="BackButton" time="7.097"/>
  <system-out/>
  <testcase classname="Pages.SignUP" name="SignUP_ValidData" time="12.280"/>
  <system-out/>
  <testcase classname="Pages.SignUP" name="SignUP_CorrectData_Butinsert_Wrong_Format_in_Mail" time="15.828"/>
  <system-out/>
  <testcase classname="Pages.SignUP" name="SignUP_ValidData_WithInsert_any_data_In_Description" time="11.886"/>
  <system-out/>
  <testcase classname="Pages.SignUP" name="SignUP_CorrectData_Butinsert_value_Greater_than_maximum_limitation_in_phone" time="19.677"/>
  <system-out/>
  <testcase classname="Pages.SignUP" name="SignUP_CorrectData_Butinsert_differentValuesin_password_and_confirmpassword" time="19.014"/>
  <system-out/>
  <testcase classname="Pages.SignUP" name="SignUP_CorrectData_Butinsert_value_less_than_minimum_limitation_in_phone" time="15.589"/>
  <system-out/>
  <testcase classname="Pages.SignUP" name="SignUP_CorrectData_Butinsert_Wrong_Format_in_URL" time="11.885"/>
  <system-out/>
  <testcase classname="Pages.SignUP" name="SignUP_All_fields_empty" time="15.023"/>
  <system-out/>
  <testcase classname="Pages.SignUP" name="SignUP_CorrectData_Butinsert_value_less_than_minimum_limitation_in_password" time="10.403"/>
  <system-out/>
  <testcase classname="Pages.SignUP" name="SignUP_Check_System_TerminateSpacesFrom_Mail" time="18.134"/>
  <system-out/>
  <testcase classname="Pages.SignUP" name="SignUP_CorrectData_Butinsert_email_exist_before_in_Mail" time="17.745"/>
  <system-out/>
  <testcase classname="Pages.SignUP" name="SignUP_CorrectData_Butinsert_NumbersandSymbols_in_name" time="18.092"/>
  <system-out/>
  <testcase classname="Pages.SignUP" name="SignUP_CorrectData_Butinsert_lettersandsymbols_in_phone" time="7.678"/>
  <system-out/>
  <testcase classname="Pages.SignUP" name="SignUP_CorrectData_Butinsert_numberWhichExistBefore_in_phone" time="18.199"/>
  <system-out/>
  <testcase classname="Pages.SignUP" name="SignUP_CorrectData_Butinsert_spaces_only_in_name" time="18.158"/>
  <system-out/>
  <testcase classname="Pages.SignUP" name="SignUP_CorrectData_Butinsert_value_Greater_than_maximum_limitation_in_password" time="12.128"/>
  <system-out/>
</testsuite> <!-- Pages.SignUP -->
