<?xml version="1.0" encoding="UTF-8"?>
<!-- Generated by org.testng.reporters.JUnitReportReporter -->
<testsuite hostname="NahirJamal" failures="0" tests="17" name="Pages.SignUP" time="254.992" errors="0" timestamp="2022-06-21T16:51:05 EET" skipped="0">
  <testcase classname="Pages.SignUP" name="SignUP_Check_System_TerminateSpacesFrom_Mail" time="15.615"/>
  <system-out/>
  <testcase classname="Pages.SignUP" name="SignUP_CorrectData_Butinsert_value_Greater_than_maximum_limitation_in_password" time="17.220"/>
  <system-out/>
  <testcase classname="Pages.SignUP" name="SignUP_CorrectData_Butinsert_spaces_only_in_name" time="12.228"/>
  <system-out/>
  <testcase classname="Pages.SignUP" name="SignUP_All_fields_empty" time="11.523"/>
  <system-out/>
  <testcase classname="Pages.SignUP" name="SignUP_CorrectData_Butinsert_value_less_than_minimum_limitation_in_phone" time="13.859"/>
  <system-out/>
  <testcase classname="Pages.SignUP" name="SignUP_CorrectData_Butinsert_Wrong_Format_in_URL" time="17.317"/>
  <system-out/>
  <testcase classname="Pages.SignUP" name="SignUP_CorrectData_Butinsert_email_exist_before_in_Mail" time="15.810"/>
  <system-out/>
  <testcase classname="Pages.SignUP" name="SignUP_CorrectData_Butinsert_value_Greater_than_maximum_limitation_in_phone" time="16.342"/>
  <system-out/>
  <testcase classname="Pages.SignUP" name="SignUP_CorrectData_Butinsert_NumbersandSymbols_in_name" time="15.623"/>
  <system-out/>
  <testcase classname="Pages.SignUP" name="SignUP_CorrectData_Butinsert_numberWhichExistBefore_in_phone" time="15.302"/>
  <system-out/>
  <testcase classname="Pages.SignUP" name="SignUP_ValidData" time="14.150"/>
  <system-out/>
  <testcase classname="Pages.SignUP" name="SignUP_CorrectData_Butinsert_lettersandsymbols_in_phone" time="14.227"/>
  <system-out/>
  <testcase classname="Pages.SignUP" name="SignUP_ValidData_WithInsert_any_data_In_Description" time="18.914"/>
  <system-out/>
  <testcase classname="Pages.SignUP" name="BackButton" time="11.387"/>
  <system-out/>
  <testcase classname="Pages.SignUP" name="SignUP_CorrectData_Butinsert_Wrong_Format_in_Mail" time="14.570"/>
  <system-out/>
  <testcase classname="Pages.SignUP" name="SignUP_CorrectData_Butinsert_differentValuesin_password_and_confirmpassword" time="17.202"/>
  <system-out/>
  <testcase classname="Pages.SignUP" name="SignUP_CorrectData_Butinsert_value_less_than_minimum_limitation_in_password" time="13.703"/>
  <system-out/>
</testsuite> <!-- Pages.SignUP -->
