<?xml version="1.0" encoding="UTF-8"?>
<!-- Generated by org.testng.reporters.JUnitReportReporter -->
<testsuite hostname="NahirJamal" failures="0" tests="4" name="Pages.Login" time="33.864" errors="0" timestamp="2022-06-23T12:15:57 EET" skipped="0">
  <testcase classname="Pages.Login" name="Login_All_fields_empty" time="7.363"/>
  <system-out/>
  <testcase classname="Pages.Login" name="Login_Wrong_username_Correct_password" time="7.892"/>
  <system-out/>
  <testcase classname="Pages.Login" name="Login_Correct_username_AndWrong_password" time="7.825"/>
  <system-out/>
  <testcase classname="Pages.Login" name="Login_Valid_Data" time="10.784"/>
  <system-out/>
</testsuite> <!-- Pages.Login -->
