<?xml version="1.0" encoding="UTF-8"?>
<!-- Generated by org.testng.reporters.JUnitReportReporter -->
<testsuite hostname="NahirJamal" failures="0" tests="28" name="Pages.EditOrder_In_TFK" time="504.348" errors="0" timestamp="2022-06-14T15:19:28 EET" skipped="0">
  <testcase classname="Pages.EditOrder_In_TFK" name="ValidData_WithInsert_OrderTax_GreaterThan_OrderNet" time="22.422"/>
  <system-out/>
  <testcase classname="Pages.EditOrder_In_TFK" name="ValidData_WithInsert_Zero_In_OrderNet" time="21.442"/>
  <system-out/>
  <testcase classname="Pages.EditOrder_In_TFK" name="ValidData_WithInsert_Zero_In_OrderDiscount" time="22.393"/>
  <system-out/>
  <testcase classname="Pages.EditOrder_In_TFK" name="ValidData_Without_InsertData_In_OrderTotal" time="12.717"/>
  <system-out/>
  <testcase classname="Pages.EditOrder_In_TFK" name="ValidData_WithInsert_NegativeNumber_In_OrderShipping" time="12.186"/>
  <system-out/>
  <testcase classname="Pages.EditOrder_In_TFK" name="ValidData_WithInsert_OrderTax_GreaterThan_OrderTotal" time="26.275"/>
  <system-out/>
  <testcase classname="Pages.EditOrder_In_TFK" name="ValidData_Without_insertDataIN_OrderNet" time="11.919"/>
  <system-out/>
  <testcase classname="Pages.EditOrder_In_TFK" name="ValidData_WithInsert_OrderCommission_GreaterThan_OrderNet" time="22.078"/>
  <system-out/>
  <testcase classname="Pages.EditOrder_In_TFK" name="ValidData_Without_insertDataIN_OrderCommission" time="12.236"/>
  <system-out/>
  <testcase classname="Pages.EditOrder_In_TFK" name="ValidData_WithInsert_NegativeNumber_In_OrderNet" time="11.896"/>
  <system-out/>
  <testcase classname="Pages.EditOrder_In_TFK" name="ValidData_WithInsert_OrderShipping_GreaterThan_OrderTotal" time="22.332"/>
  <system-out/>
  <testcase classname="Pages.EditOrder_In_TFK" name="ValidData_WithInsert_OrderDiscount_GreaterThan_OrderNet" time="23.454"/>
  <system-out/>
  <testcase classname="Pages.EditOrder_In_TFK" name="ValidData_WithInsert_Zero_In_OrderShipping" time="23.150"/>
  <system-out/>
  <testcase classname="Pages.EditOrder_In_TFK" name="ValidData_Without_insertDataIN_OrderTax" time="12.351"/>
  <system-out/>
  <testcase classname="Pages.EditOrder_In_TFK" name="ValidData_WithInsert_NegativeNumber_In_OrderDiscount" time="12.100"/>
  <system-out/>
  <testcase classname="Pages.EditOrder_In_TFK" name="ValidData_Without_insertDataIN_OrderDiscount" time="13.411"/>
  <system-out/>
  <testcase classname="Pages.EditOrder_In_TFK" name="ValidData_WithInsert_OrderDiscount_GreaterThan_OrderTotal" time="22.799"/>
  <system-out/>
  <testcase classname="Pages.EditOrder_In_TFK" name="ValidData_WithInsert_OrderNet_GreaterThan_OrderTotal" time="21.868"/>
  <system-out/>
  <testcase classname="Pages.EditOrder_In_TFK" name="ValidData_WithInsert_NegativeNumber_In_OrderCommission" time="12.858"/>
  <system-out/>
  <testcase classname="Pages.EditOrder_In_TFK" name="ValidData_WithInsert_OrderShipping_GreaterThan_OrderNet" time="22.017"/>
  <system-out/>
  <testcase classname="Pages.EditOrder_In_TFK" name="CheckThat_OrderID_Disabled" time="11.119"/>
  <system-out/>
  <testcase classname="Pages.EditOrder_In_TFK" name="ValidData_WithInsert_OrderCommission_GreaterThan_OrderTotal" time="26.924"/>
  <system-out/>
  <testcase classname="Pages.EditOrder_In_TFK" name="ValidData_WithInsert_NegativeNumber_In_OrderTax" time="12.936"/>
  <system-out/>
  <testcase classname="Pages.EditOrder_In_TFK" name="ValidData_Without_insertDataIN_OrderShipping" time="12.568"/>
  <system-out/>
  <testcase classname="Pages.EditOrder_In_TFK" name="ValidData_With_Insert_Zero_In_OrderTotal" time="21.761"/>
  <system-out/>
  <testcase classname="Pages.EditOrder_In_TFK" name="ValidData_WithInsert_Zero_In_OrderTax" time="21.878"/>
  <system-out/>
  <testcase classname="Pages.EditOrder_In_TFK" name="ValidData_WithInsert_Zero_In_OrderCommission" time="22.090"/>
  <system-out/>
  <testcase classname="Pages.EditOrder_In_TFK" name="ValidData_WithInsert_NegativeNumber_In_OrderTotal" time="13.168"/>
  <system-out/>
</testsuite> <!-- Pages.EditOrder_In_TFK -->
