<?xml version="1.0" encoding="UTF-8"?>
<!-- Generated by org.testng.reporters.JUnitReportReporter -->
<testsuite hostname="NahirJamal" failures="0" tests="10" name="Pages.Invoices" time="168.542" errors="0" timestamp="2022-06-26T13:17:04 EET" skipped="0">
  <testcase classname="Pages.Invoices" name="Pay_InvoiceWith_correctData_Buinsert_SpacesInField_LastName" time="24.770"/>
  <system-out/>
  <testcase classname="Pages.Invoices" name="Pay_InvoiceWith_correctData_Buinsert_Wronglimitation_InField_Phone" time="16.533"/>
  <system-out/>
  <testcase classname="Pages.Invoices" name="Invoice_Details" time="13.144"/>
  <system-out/>
  <testcase classname="Pages.Invoices" name="Pay_InvoiceWith_correctData_Buinsert_SymbolsAndNumbersInField_FirstName" time="11.167"/>
  <system-out/>
  <testcase classname="Pages.Invoices" name="Pay_InvoiceWith_correctData_Buinsert_SymbolsAndNumbersInField_LastName" time="10.004"/>
  <system-out/>
  <testcase classname="Pages.Invoices" name="Pay_InvoiceWith_correctData_Buinsert_LettersAndSymbols_InField_Phone" time="14.937"/>
  <system-out/>
  <testcase classname="Pages.Invoices" name="Download_Invoice" time="21.709"/>
  <system-out/>
  <testcase classname="Pages.Invoices" name="Pay_InvoiceWith_correctData_AndChoose_CreditCard" time="21.251"/>
  <system-out/>
  <testcase classname="Pages.Invoices" name="Pay_InvoiceWith_correctData_Buinsert_WrongFormat_inFieldEmail" time="21.304"/>
  <system-out/>
  <testcase classname="Pages.Invoices" name="Pay_InvoiceWith_correctData_Buinsert_spacesInField_FirstName" time="13.723"/>
  <system-out/>
</testsuite> <!-- Pages.Invoices -->
