<?xml version="1.0" encoding="UTF-8"?>
<!-- Generated by org.testng.reporters.JUnitReportReporter -->
<testsuite hostname="NahirJamal" failures="0" tests="4" name="Pages.Login" time="58.777" errors="0" timestamp="2022-06-21T16:51:05 EET" skipped="0">
  <testcase classname="Pages.Login" name="Login_Correct_username_AndWrong_password" time="15.173"/>
  <system-out/>
  <testcase classname="Pages.Login" name="Login_All_fields_empty" time="15.996"/>
  <system-out/>
  <testcase classname="Pages.Login" name="Login_Wrong_username_Correct_password" time="12.975"/>
  <system-out/>
  <testcase classname="Pages.Login" name="Login_Valid_Data" time="14.633"/>
  <system-out/>
</testsuite> <!-- Pages.Login -->
