<?xml version="1.0" encoding="UTF-8"?>
<!-- Generated by org.testng.reporters.JUnitReportReporter -->
<testsuite hostname="NahirJamal" failures="0" tests="10" name="Pages.Cookies" time="154.764" errors="0" timestamp="2022-06-14T15:19:28 EET" skipped="0">
  <testcase classname="Pages.Cookies" name="Cookies_melouk" time="12.821"/>
  <system-out/>
  <testcase classname="Pages.Cookies" name="Cookies_msou" time="13.762"/>
  <system-out/>
  <testcase classname="Pages.Cookies" name="Cookies_footcourt" time="13.937"/>
  <system-out/>
  <testcase classname="Pages.Cookies" name="Cookies_magmasport" time="27.003"/>
  <system-out/>
  <testcase classname="Pages.Cookies" name="Cookies_alsharifbeaute" time="16.495"/>
  <system-out/>
  <testcase classname="Pages.Cookies" name="Cookies_Carina" time="11.788"/>
  <system-out/>
  <testcase classname="Pages.Cookies" name="Cookies_Entertainer" time="16.673"/>
  <system-out/>
  <testcase classname="Pages.Cookies" name="Cookies_olife" time="19.973"/>
  <system-out/>
  <testcase classname="Pages.Cookies" name="Cookies_Auditechnology" time="13.304"/>
  <system-out/>
  <testcase classname="Pages.Cookies" name="Cookies_cdejewelry" time="9.008"/>
  <system-out/>
</testsuite> <!-- Pages.Cookies -->
