<?xml version="1.0" encoding="UTF-8"?>
<!-- Generated by org.testng.reporters.JUnitReportReporter -->
<testsuite hostname="NahirJamal" failures="0" tests="10" name="Pages.Cookies" time="215.817" errors="0" timestamp="2022-06-23T15:07:10 EET" skipped="0">
  <testcase classname="Pages.Cookies" name="Cookies_Auditechnology" time="18.670"/>
  <system-out/>
  <testcase classname="Pages.Cookies" name="Cookies_alsharifbeaute" time="23.216"/>
  <system-out/>
  <testcase classname="Pages.Cookies" name="Cookies_Entertainer" time="22.349"/>
  <system-out/>
  <testcase classname="Pages.Cookies" name="Cookies_olife" time="25.277"/>
  <system-out/>
  <testcase classname="Pages.Cookies" name="Cookies_footcourt" time="15.694"/>
  <system-out/>
  <testcase classname="Pages.Cookies" name="Cookies_Carina" time="17.272"/>
  <system-out/>
  <testcase classname="Pages.Cookies" name="Cookies_cdejewelry" time="15.348"/>
  <system-out/>
  <testcase classname="Pages.Cookies" name="Cookies_magmasport" time="30.982"/>
  <system-out/>
  <testcase classname="Pages.Cookies" name="Cookies_msou" time="28.964"/>
  <system-out/>
  <testcase classname="Pages.Cookies" name="Cookies_melouk" time="18.045"/>
  <system-out/>
</testsuite> <!-- Pages.Cookies -->
