<?xml version="1.0" encoding="UTF-8"?>
<!-- Generated by org.testng.reporters.JUnitReportReporter -->
<testsuite hostname="NahirJamal" failures="0" tests="17" name="Pages.SignUP" time="141.356" errors="0" timestamp="2022-06-14T15:19:28 EET" skipped="0">
  <testcase classname="Pages.SignUP" name="SignUP_Check_System_TerminateSpacesFrom_Mail" time="8.539"/>
  <system-out/>
  <testcase classname="Pages.SignUP" name="BackButton" time="7.292"/>
  <system-out/>
  <testcase classname="Pages.SignUP" name="SignUP_ValidData_WithInsert_any_data_In_Description" time="7.620"/>
  <system-out/>
  <testcase classname="Pages.SignUP" name="SignUP_CorrectData_Butinsert_value_Greater_than_maximum_limitation_in_password" time="9.811"/>
  <system-out/>
  <testcase classname="Pages.SignUP" name="SignUP_CorrectData_Butinsert_numberWhichExistBefore_in_phone" time="10.510"/>
  <system-out/>
  <testcase classname="Pages.SignUP" name="SignUP_CorrectData_Butinsert_Wrong_Format_in_Mail" time="9.581"/>
  <system-out/>
  <testcase classname="Pages.SignUP" name="SignUP_CorrectData_Butinsert_Wrong_Format_in_URL" time="6.775"/>
  <system-out/>
  <testcase classname="Pages.SignUP" name="SignUP_CorrectData_Butinsert_email_exist_before_in_Mail" time="7.929"/>
  <system-out/>
  <testcase classname="Pages.SignUP" name="SignUP_CorrectData_Butinsert_value_less_than_minimum_limitation_in_phone" time="8.513"/>
  <system-out/>
  <testcase classname="Pages.SignUP" name="SignUP_CorrectData_Butinsert_lettersandsymbols_in_phone" time="8.953"/>
  <system-out/>
  <testcase classname="Pages.SignUP" name="SignUP_CorrectData_Butinsert_value_less_than_minimum_limitation_in_password" time="4.204"/>
  <system-out/>
  <testcase classname="Pages.SignUP" name="SignUP_All_fields_empty" time="6.909"/>
  <system-out/>
  <testcase classname="Pages.SignUP" name="SignUP_CorrectData_Butinsert_differentValuesin_password_and_confirmpassword" time="5.518"/>
  <system-out/>
  <testcase classname="Pages.SignUP" name="SignUP_ValidData" time="10.178"/>
  <system-out/>
  <testcase classname="Pages.SignUP" name="SignUP_CorrectData_Butinsert_NumbersandSymbols_in_name" time="9.801"/>
  <system-out/>
  <testcase classname="Pages.SignUP" name="SignUP_CorrectData_Butinsert_spaces_only_in_name" time="9.848"/>
  <system-out/>
  <testcase classname="Pages.SignUP" name="SignUP_CorrectData_Butinsert_value_Greater_than_maximum_limitation_in_phone" time="9.375"/>
  <system-out/>
</testsuite> <!-- Pages.SignUP -->
