<?xml version="1.0" encoding="UTF-8"?>
<!-- Generated by org.testng.reporters.JUnitReportReporter -->
<testsuite hostname="NahirJamal" failures="0" tests="10" name="Pages.Invoices" time="93.823" errors="0" timestamp="2022-06-14T15:19:28 EET" skipped="0">
  <testcase classname="Pages.Invoices" name="Pay_InvoiceWith_correctData_Buinsert_SpacesInField_LastName" time="7.223"/>
  <system-out/>
  <testcase classname="Pages.Invoices" name="Pay_InvoiceWith_correctData_Buinsert_SymbolsAndNumbersInField_FirstName" time="7.668"/>
  <system-out/>
  <testcase classname="Pages.Invoices" name="Download_Invoice" time="10.756"/>
  <system-out/>
  <testcase classname="Pages.Invoices" name="Pay_InvoiceWith_correctData_Buinsert_WrongFormat_inFieldEmail" time="7.219"/>
  <system-out/>
  <testcase classname="Pages.Invoices" name="Pay_InvoiceWith_correctData_Buinsert_spacesInField_FirstName" time="12.525"/>
  <system-out/>
  <testcase classname="Pages.Invoices" name="Pay_InvoiceWith_correctData_Buinsert_LettersAndSymbols_InField_Phone" time="8.168"/>
  <system-out/>
  <testcase classname="Pages.Invoices" name="Pay_InvoiceWith_correctData_Buinsert_Wronglimitation_InField_Phone" time="8.632"/>
  <system-out/>
  <testcase classname="Pages.Invoices" name="Pay_InvoiceWith_correctData_Buinsert_SymbolsAndNumbersInField_LastName" time="10.692"/>
  <system-out/>
  <testcase classname="Pages.Invoices" name="Invoice_Details" time="8.159"/>
  <system-out/>
  <testcase classname="Pages.Invoices" name="Pay_InvoiceWith_correctData_AndChoose_CreditCard" time="12.781"/>
  <system-out/>
</testsuite> <!-- Pages.Invoices -->
