<?xml version="1.0" encoding="UTF-8"?>
<!-- Generated by org.testng.reporters.JUnitReportReporter -->
<testsuite hostname="NahirJamal" failures="0" tests="4" name="Pages.Login" time="56.503" errors="0" timestamp="2022-06-23T15:07:10 EET" skipped="0">
  <testcase classname="Pages.Login" name="Login_Valid_Data" time="21.960"/>
  <system-out/>
  <testcase classname="Pages.Login" name="Login_Wrong_username_Correct_password" time="6.770"/>
  <system-out/>
  <testcase classname="Pages.Login" name="Login_Correct_username_AndWrong_password" time="16.182"/>
  <system-out/>
  <testcase classname="Pages.Login" name="Login_All_fields_empty" time="11.591"/>
  <system-out/>
</testsuite> <!-- Pages.Login -->
