<?xml version="1.0" encoding="UTF-8"?>
<!-- Generated by org.testng.reporters.JUnitReportReporter -->
<testsuite hostname="NahirJamal" failures="0" tests="3" name="Pages.Exportand_Import_Excel" time="48.195" errors="0" timestamp="2022-06-23T15:07:10 EET" skipped="0">
  <testcase classname="Pages.Exportand_Import_Excel" name="ExportExcel_And_BulkUpdate" time="24.107"/>
  <system-out/>
  <testcase classname="Pages.Exportand_Import_Excel" name="Click_UploadFile_Without_chooseFile" time="13.282"/>
  <system-out/>
  <testcase classname="Pages.Exportand_Import_Excel" name="Upload_wrong_file_type" time="10.806"/>
  <system-out/>
</testsuite> <!-- Pages.Exportand_Import_Excel -->
