<?xml version="1.0" encoding="UTF-8"?>
<!-- Generated by org.testng.reporters.JUnitReportReporter -->
<testsuite hostname="NahirJamal" failures="0" tests="28" name="Pages.EditOrder_In_TFK" time="636.190" errors="0" timestamp="2022-06-23T15:07:10 EET" skipped="0">
  <testcase classname="Pages.EditOrder_In_TFK" name="ValidData_Without_insertDataIN_OrderTax" time="24.858"/>
  <system-out/>
  <testcase classname="Pages.EditOrder_In_TFK" name="ValidData_WithInsert_Zero_In_OrderTax" time="29.251"/>
  <system-out/>
  <testcase classname="Pages.EditOrder_In_TFK" name="ValidData_WithInsert_Zero_In_OrderNet" time="28.169"/>
  <system-out/>
  <testcase classname="Pages.EditOrder_In_TFK" name="ValidData_WithInsert_NegativeNumber_In_OrderShipping" time="15.986"/>
  <system-out/>
  <testcase classname="Pages.EditOrder_In_TFK" name="ValidData_WithInsert_NegativeNumber_In_OrderTax" time="15.158"/>
  <system-out/>
  <testcase classname="Pages.EditOrder_In_TFK" name="CheckThat_OrderID_Disabled" time="14.525"/>
  <system-out/>
  <testcase classname="Pages.EditOrder_In_TFK" name="ValidData_Without_insertDataIN_OrderNet" time="16.682"/>
  <system-out/>
  <testcase classname="Pages.EditOrder_In_TFK" name="ValidData_WithInsert_OrderCommission_GreaterThan_OrderNet" time="27.289"/>
  <system-out/>
  <testcase classname="Pages.EditOrder_In_TFK" name="ValidData_WithInsert_OrderCommission_GreaterThan_OrderTotal" time="25.871"/>
  <system-out/>
  <testcase classname="Pages.EditOrder_In_TFK" name="ValidData_WithInsert_NegativeNumber_In_OrderDiscount" time="15.267"/>
  <system-out/>
  <testcase classname="Pages.EditOrder_In_TFK" name="ValidData_WithInsert_Zero_In_OrderShipping" time="25.640"/>
  <system-out/>
  <testcase classname="Pages.EditOrder_In_TFK" name="ValidData_WithInsert_OrderNet_GreaterThan_OrderTotal" time="25.681"/>
  <system-out/>
  <testcase classname="Pages.EditOrder_In_TFK" name="ValidData_WithInsert_OrderDiscount_GreaterThan_OrderNet" time="33.817"/>
  <system-out/>
  <testcase classname="Pages.EditOrder_In_TFK" name="ValidData_Without_InsertData_In_OrderTotal" time="14.734"/>
  <system-out/>
  <testcase classname="Pages.EditOrder_In_TFK" name="ValidData_WithInsert_NegativeNumber_In_OrderTotal" time="20.007"/>
  <system-out/>
  <testcase classname="Pages.EditOrder_In_TFK" name="ValidData_WithInsert_Zero_In_OrderDiscount" time="25.878"/>
  <system-out/>
  <testcase classname="Pages.EditOrder_In_TFK" name="ValidData_Without_insertDataIN_OrderCommission" time="23.582"/>
  <system-out/>
  <testcase classname="Pages.EditOrder_In_TFK" name="ValidData_WithInsert_NegativeNumber_In_OrderNet" time="15.206"/>
  <system-out/>
  <testcase classname="Pages.EditOrder_In_TFK" name="ValidData_WithInsert_OrderShipping_GreaterThan_OrderNet" time="26.721"/>
  <system-out/>
  <testcase classname="Pages.EditOrder_In_TFK" name="ValidData_WithInsert_OrderShipping_GreaterThan_OrderTotal" time="27.642"/>
  <system-out/>
  <testcase classname="Pages.EditOrder_In_TFK" name="ValidData_WithInsert_OrderTax_GreaterThan_OrderTotal" time="25.780"/>
  <system-out/>
  <testcase classname="Pages.EditOrder_In_TFK" name="ValidData_With_Insert_Zero_In_OrderTotal" time="31.351"/>
  <system-out/>
  <testcase classname="Pages.EditOrder_In_TFK" name="ValidData_Without_insertDataIN_OrderShipping" time="14.856"/>
  <system-out/>
  <testcase classname="Pages.EditOrder_In_TFK" name="ValidData_WithInsert_Zero_In_OrderCommission" time="27.408"/>
  <system-out/>
  <testcase classname="Pages.EditOrder_In_TFK" name="ValidData_WithInsert_OrderDiscount_GreaterThan_OrderTotal" time="25.386"/>
  <system-out/>
  <testcase classname="Pages.EditOrder_In_TFK" name="ValidData_WithInsert_NegativeNumber_In_OrderCommission" time="17.428"/>
  <system-out/>
  <testcase classname="Pages.EditOrder_In_TFK" name="ValidData_Without_insertDataIN_OrderDiscount" time="15.656"/>
  <system-out/>
  <testcase classname="Pages.EditOrder_In_TFK" name="ValidData_WithInsert_OrderTax_GreaterThan_OrderNet" time="26.361"/>
  <system-out/>
</testsuite> <!-- Pages.EditOrder_In_TFK -->
